<?xml version="1.0" encoding="UTF-8"?>
<!-- Generated by org.testng.reporters.JUnitXMLReporter -->
<testsuite ignored="0" hostname="Tonnies-MBP" failures="1" tests="3" name="Surefire test" time="31.332" errors="0" timestamp="2022-11-11T16:03:08 EST">
  <testcase classname="io.cucumber.testng.AbstractTestNGCucumberTests" name="runScenario" time="11.696">
    <failure type="java.lang.AssertionError">
      <![CDATA[java.lang.AssertionError
at org.junit.Assert.fail(Assert.java:86)
at org.junit.Assert.assertTrue(Assert.java:41)
at org.junit.Assert.assertTrue(Assert.java:52)
at pageObject.links_page.verifylinks(links_page.java:59)
at stepDef.links_stepDef.verifyAllLinksFromFooter(links_stepDef.java:23)
at âœ½.verify all links from footer(file:///Users/tonniekhaleque/Documents/GitHub/Walgreens_Project/src/test/java/features/alllinks.feature:6)
]]>
    </failure>
  </testcase> <!-- runScenario -->
  <testcase classname="io.cucumber.testng.AbstractTestNGCucumberTests" name="runScenario" time="10.794"/>
  <testcase classname="io.cucumber.testng.AbstractTestNGCucumberTests" name="runScenario" time="8.223"/>
</testsuite> <!-- Surefire test -->
